<?xml version="1.0" encoding="UTF-8"?>
<!-- Generated by org.testng.reporters.JUnitXMLReporter -->
<testsuite ignored="0" hostname="AbhilashaPC" failures="2" tests="9" name="Surefire test" time="109.515" errors="0" timestamp="2025-11-23T19:29:45 IST">
  <testcase classname="com.w3.qa.testcases.LoginPageTest" name="validateLoginSuccess" time="2.241"/>
  <testcase classname="com.w3.qa.testcases.LoginPageTest" name="validateLoginfailure" time="10.865">
    <failure type="org.openqa.selenium.TimeoutException" message="Expected condition failed: waiting for url to contain &amp;quot;profile&amp;quot;. Current url: &amp;quot;https://demoqa.com/login&amp;quot; (tried for 10 second(s) with 500 milliseconds interval)
Build info: version: &amp;apos;4.38.0&amp;apos;, revision: &amp;apos;6b412e825c*&amp;apos;
System info: os.name: &amp;apos;Windows 11&amp;apos;, os.arch: &amp;apos;amd64&amp;apos;, os.version: &amp;apos;10.0&amp;apos;, java.version: &amp;apos;24.0.2&amp;apos;
Driver info: net.bytebuddy.renamed.java.lang.Object$ByteBuddy$1y5G1xZQ
Capabilities {acceptInsecureCerts: false, browserName: chrome, browserVersion: 142.0.7444.176, chrome: {chromedriverVersion: 142.0.7444.175 (302067f14a4..., userDataDir: C:\Users\ABHILA~1\AppData\L...}, fedcm:accounts: true, goog:chromeOptions: {debuggerAddress: localhost:60935}, goog:processID: 1097116, networkConnectionEnabled: false, pageLoadStrategy: normal, platformName: windows, proxy: Proxy(), se:cdp: ws://localhost:60935/devtoo..., se:cdpVersion: 142.0.7444.176, setWindowRect: true, strictFileInteractability: false, timeouts: {implicit: 0, pageLoad: 300000, script: 30000}, unhandledPromptBehavior: dismiss and notify, webauthn:extension:credBlob: true, webauthn:extension:largeBlob: true, webauthn:extension:minPinLength: true, webauthn:extension:prf: true, webauthn:virtualAuthenticators: true}
Session ID: 86f8da00e9679d4c5941738efb9a1cd9">
      <![CDATA[org.openqa.selenium.TimeoutException: Expected condition failed: waiting for url to contain "profile". Current url: "https://demoqa.com/login" (tried for 10 second(s) with 500 milliseconds interval)
Build info: version: '4.38.0', revision: '6b412e825c*'
System info: os.name: 'Windows 11', os.arch: 'amd64', os.version: '10.0', java.version: '24.0.2'
Driver info: net.bytebuddy.renamed.java.lang.Object$ByteBuddy$1y5G1xZQ
Capabilities {acceptInsecureCerts: false, browserName: chrome, browserVersion: 142.0.7444.176, chrome: {chromedriverVersion: 142.0.7444.175 (302067f14a4..., userDataDir: C:\Users\ABHILA~1\AppData\L...}, fedcm:accounts: true, goog:chromeOptions: {debuggerAddress: localhost:60935}, goog:processID: 1097116, networkConnectionEnabled: false, pageLoadStrategy: normal, platformName: windows, proxy: Proxy(), se:cdp: ws://localhost:60935/devtoo..., se:cdpVersion: 142.0.7444.176, setWindowRect: true, strictFileInteractability: false, timeouts: {implicit: 0, pageLoad: 300000, script: 30000}, unhandledPromptBehavior: dismiss and notify, webauthn:extension:credBlob: true, webauthn:extension:largeBlob: true, webauthn:extension:minPinLength: true, webauthn:extension:prf: true, webauthn:virtualAuthenticators: true}
Session ID: 86f8da00e9679d4c5941738efb9a1cd9
at org.openqa.selenium.support.ui.WebDriverWait.timeoutException(WebDriverWait.java:84)
at org.openqa.selenium.support.ui.FluentWait.until(FluentWait.java:228)
at com.w3.qa.pages.LoginPage.currentURL(LoginPage.java:46)
at com.w3.qa.testcases.LoginPageTest.validateLoginfailure(LoginPageTest.java:46)
at java.base/java.util.ArrayList.forEach(ArrayList.java:1604)
... Removed 30 stack frames]]>
    </failure>
  </testcase> <!-- validateLoginfailure -->
  <testcase classname="com.w3.qa.testcases.ProfilePageTest" name="validateusernamelabel" time="2.281"/>
  <testcase classname="com.w3.qa.testcases.SignUpTest" name="SignupTest" time="0.137">
    <failure type="java.lang.AssertionError" message="expected [User Register Successfully.] but found [CAPTCHA_BLOCKED]">
      <![CDATA[java.lang.AssertionError: expected [User Register Successfully.] but found [CAPTCHA_BLOCKED]
at com.w3.qa.testcases.SignUpTest.SignupTest(SignUpTest.java:31)
at java.base/java.util.ArrayList.forEach(ArrayList.java:1604)
... Removed 36 stack frames]]>
    </failure>
  </testcase> <!-- SignupTest -->
  <testcase classname="com.w3.qa.testcases.WebTablePageTest" name="verifyWebtableLabelTest" time="0.07"/>
  <testcase classname="com.w3.qa.testcases.WebTablePageTest" name="verifyfillRegistrationPageTest" time="0.671"/>
  <testcase classname="com.w3.qa.testcases.WebTablePageTest" name="verifyfillRegistrationPageTest" time="1.115"/>
  <testcase classname="com.w3.qa.testcases.WebTablePageTest" name="verifyfillRegistrationPageTest" time="0.703"/>
  <testcase classname="com.w3.qa.testcases.WebTablePageTest" name="validateRecordpresentTest" time="1.241"/>
</testsuite> <!-- Surefire test -->
