<?xml version="1.0" encoding="UTF-8"?>
<testsuite xmlns:xsi="http://www.w3.org/2001/XMLSchema-instance" xsi:noNamespaceSchemaLocation="https://maven.apache.org/surefire/maven-surefire-plugin/xsd/surefire-test-report-3.0.xsd" version="3.0" name="TestSuite" time="110.16" tests="9" errors="0" skipped="0" failures="2">
  <properties>
[...]
</properties>
  <testcase name="validateLoginSuccess" classname="com.w3.qa.testcases.LoginPageTest" time="2.245">
    <system-out><![CDATA[Trying to find element By: By.xpath: //input[@placeholder='UserName']
Trying to find element By: By.xpath: //input[@placeholder='Password']
Trying to find element By: By.xpath: //button[contains(text(),'Login')]
Trying to find element By: By.xpath: //button[contains(text(),'Login')]
https://demoqa.com/profile
]]></system-out>
    <system-err><![CDATA[SLF4J(W): No SLF4J providers were found.
SLF4J(W): Defaulting to no-operation (NOP) logger implementation
SLF4J(W): See https://www.slf4j.org/codes.html#noProviders for further details.
]]></system-err>
  </testcase>
  <testcase name="validateLoginfailure" classname="com.w3.qa.testcases.LoginPageTest" time="10.874">
    <failure message="Expected condition failed: waiting for url to contain &quot;profile&quot;. Current url: &quot;https://demoqa.com/login&quot; (tried for 10 second(s) with 500 milliseconds interval)&#10;Build info: version: &apos;4.38.0&apos;, revision: &apos;6b412e825c*&apos;&#10;System info: os.name: &apos;Windows 11&apos;, os.arch: &apos;amd64&apos;, os.version: &apos;10.0&apos;, java.version: &apos;24.0.2&apos;&#10;Driver info: net.bytebuddy.renamed.java.lang.Object$ByteBuddy$1y5G1xZQ&#10;Capabilities {acceptInsecureCerts: false, browserName: chrome, browserVersion: 142.0.7444.176, chrome: {chromedriverVersion: 142.0.7444.175 (302067f14a4..., userDataDir: C:\Users\ABHILA~1\AppData\L...}, fedcm:accounts: true, goog:chromeOptions: {debuggerAddress: localhost:60935}, goog:processID: 1097116, networkConnectionEnabled: false, pageLoadStrategy: normal, platformName: windows, proxy: Proxy(), se:cdp: ws://localhost:60935/devtoo..., se:cdpVersion: 142.0.7444.176, setWindowRect: true, strictFileInteractability: false, timeouts: {implicit: 0, pageLoad: 300000, script: 30000}, unhandledPromptBehavior: dismiss and notify, webauthn:extension:credBlob: true, webauthn:extension:largeBlob: true, webauthn:extension:minPinLength: true, webauthn:extension:prf: true, webauthn:virtualAuthenticators: true}&#10;Session ID: 86f8da00e9679d4c5941738efb9a1cd9" type="org.openqa.selenium.TimeoutException"><![CDATA[org.openqa.selenium.TimeoutException: 
Expected condition failed: waiting for url to contain "profile". Current url: "https://demoqa.com/login" (tried for 10 second(s) with 500 milliseconds interval)
Build info: version: '4.38.0', revision: '6b412e825c*'
System info: os.name: 'Windows 11', os.arch: 'amd64', os.version: '10.0', java.version: '24.0.2'
Driver info: net.bytebuddy.renamed.java.lang.Object$ByteBuddy$1y5G1xZQ
Capabilities {acceptInsecureCerts: false, browserName: chrome, browserVersion: 142.0.7444.176, chrome: {chromedriverVersion: 142.0.7444.175 (302067f14a4..., userDataDir: C:\Users\ABHILA~1\AppData\L...}, fedcm:accounts: true, goog:chromeOptions: {debuggerAddress: localhost:60935}, goog:processID: 1097116, networkConnectionEnabled: false, pageLoadStrategy: normal, platformName: windows, proxy: Proxy(), se:cdp: ws://localhost:60935/devtoo..., se:cdpVersion: 142.0.7444.176, setWindowRect: true, strictFileInteractability: false, timeouts: {implicit: 0, pageLoad: 300000, script: 30000}, unhandledPromptBehavior: dismiss and notify, webauthn:extension:credBlob: true, webauthn:extension:largeBlob: true, webauthn:extension:minPinLength: true, webauthn:extension:prf: true, webauthn:virtualAuthenticators: true}
Session ID: 86f8da00e9679d4c5941738efb9a1cd9
	at org.openqa.selenium.support.ui.WebDriverWait.timeoutException(WebDriverWait.java:84)
	at org.openqa.selenium.support.ui.FluentWait.until(FluentWait.java:228)
	at com.w3.qa.pages.LoginPage.currentURL(LoginPage.java:46)
	at com.w3.qa.testcases.LoginPageTest.validateLoginfailure(LoginPageTest.java:46)
	at java.base/jdk.internal.reflect.DirectMethodHandleAccessor.invoke(DirectMethodHandleAccessor.java:104)
	at java.base/java.lang.reflect.Method.invoke(Method.java:565)
	at org.testng.internal.MethodInvocationHelper.invokeMethod(MethodInvocationHelper.java:133)
	at org.testng.internal.TestInvoker.invokeMethod(TestInvoker.java:598)
	at org.testng.internal.TestInvoker.invokeTestMethod(TestInvoker.java:173)
	at org.testng.internal.MethodRunner.runInSequence(MethodRunner.java:46)
	at org.testng.internal.TestInvoker$MethodInvocationAgent.invoke(TestInvoker.java:824)
	at org.testng.internal.TestInvoker.invokeTestMethods(TestInvoker.java:146)
	at org.testng.internal.TestMethodWorker.invokeTestMethods(TestMethodWorker.java:146)
	at org.testng.internal.TestMethodWorker.run(TestMethodWorker.java:128)
	at java.base/java.util.ArrayList.forEach(ArrayList.java:1604)
	at org.testng.TestRunner.privateRun(TestRunner.java:794)
	at org.testng.TestRunner.run(TestRunner.java:596)
	at org.testng.SuiteRunner.runTest(SuiteRunner.java:377)
	at org.testng.SuiteRunner.runSequentially(SuiteRunner.java:371)
	at org.testng.SuiteRunner.privateRun(SuiteRunner.java:332)
	at org.testng.SuiteRunner.run(SuiteRunner.java:276)
	at org.testng.SuiteRunnerWorker.runSuite(SuiteRunnerWorker.java:53)
	at org.testng.SuiteRunnerWorker.run(SuiteRunnerWorker.java:96)
	at org.testng.TestNG.runSuitesSequentially(TestNG.java:1212)
	at org.testng.TestNG.runSuitesLocally(TestNG.java:1134)
	at org.testng.TestNG.runSuites(TestNG.java:1063)
	at org.testng.TestNG.run(TestNG.java:1031)
	at org.apache.maven.surefire.testng.TestNGExecutor.run(TestNGExecutor.java:155)
	at org.apache.maven.surefire.testng.TestNGDirectoryTestSuite.executeMulti(TestNGDirectoryTestSuite.java:169)
	at org.apache.maven.surefire.testng.TestNGDirectoryTestSuite.execute(TestNGDirectoryTestSuite.java:88)
	at org.apache.maven.surefire.testng.TestNGProvider.invoke(TestNGProvider.java:137)
	at org.apache.maven.surefire.booter.ForkedBooter.runSuitesInProcess(ForkedBooter.java:385)
	at org.apache.maven.surefire.booter.ForkedBooter.execute(ForkedBooter.java:162)
	at org.apache.maven.surefire.booter.ForkedBooter.run(ForkedBooter.java:507)
	at org.apache.maven.surefire.booter.ForkedBooter.main(ForkedBooter.java:495)
]]></failure>
    <system-out><![CDATA[Trying to find element By: By.xpath: //input[@placeholder='UserName']
Trying to find element By: By.xpath: //input[@placeholder='Password']
Trying to find element By: By.xpath: //button[contains(text(),'Login')]
Trying to find element By: By.xpath: //button[contains(text(),'Login')]
]]></system-out>
  </testcase>
  <testcase name="validateusernamelabel" classname="com.w3.qa.testcases.ProfilePageTest" time="2.282">
    <system-out><![CDATA[Trying to find element By: By.xpath: //input[@placeholder='UserName']
Trying to find element By: By.xpath: //input[@placeholder='Password']
Trying to find element By: By.xpath: //button[contains(text(),'Login')]
Trying to find element By: By.xpath: //button[contains(text(),'Login')]
Trying to find element By: By.id: userName-value
abhilasha_varshney
]]></system-out>
  </testcase>
  <testcase name="SignupTest" classname="com.w3.qa.testcases.SignUpTest" time="0.142">
    <failure message="expected [User Register Successfully.] but found [CAPTCHA_BLOCKED]" type="java.lang.AssertionError"><![CDATA[java.lang.AssertionError: expected [User Register Successfully.] but found [CAPTCHA_BLOCKED]
	at org.testng.Assert.fail(Assert.java:99)
	at org.testng.Assert.failNotEquals(Assert.java:1037)
	at org.testng.Assert.assertEqualsImpl(Assert.java:140)
	at org.testng.Assert.assertEquals(Assert.java:122)
	at org.testng.Assert.assertEquals(Assert.java:629)
	at org.testng.Assert.assertEquals(Assert.java:639)
	at com.w3.qa.testcases.SignUpTest.SignupTest(SignUpTest.java:31)
	at java.base/jdk.internal.reflect.DirectMethodHandleAccessor.invoke(DirectMethodHandleAccessor.java:104)
	at java.base/java.lang.reflect.Method.invoke(Method.java:565)
	at org.testng.internal.MethodInvocationHelper.invokeMethod(MethodInvocationHelper.java:133)
	at org.testng.internal.TestInvoker.invokeMethod(TestInvoker.java:598)
	at org.testng.internal.TestInvoker.invokeTestMethod(TestInvoker.java:173)
	at org.testng.internal.MethodRunner.runInSequence(MethodRunner.java:46)
	at org.testng.internal.TestInvoker$MethodInvocationAgent.invoke(TestInvoker.java:824)
	at org.testng.internal.TestInvoker.invokeTestMethods(TestInvoker.java:146)
	at org.testng.internal.TestMethodWorker.invokeTestMethods(TestMethodWorker.java:146)
	at org.testng.internal.TestMethodWorker.run(TestMethodWorker.java:128)
	at java.base/java.util.ArrayList.forEach(ArrayList.java:1604)
	at org.testng.TestRunner.privateRun(TestRunner.java:794)
	at org.testng.TestRunner.run(TestRunner.java:596)
	at org.testng.SuiteRunner.runTest(SuiteRunner.java:377)
	at org.testng.SuiteRunner.runSequentially(SuiteRunner.java:371)
	at org.testng.SuiteRunner.privateRun(SuiteRunner.java:332)
	at org.testng.SuiteRunner.run(SuiteRunner.java:276)
	at org.testng.SuiteRunnerWorker.runSuite(SuiteRunnerWorker.java:53)
	at org.testng.SuiteRunnerWorker.run(SuiteRunnerWorker.java:96)
	at org.testng.TestNG.runSuitesSequentially(TestNG.java:1212)
	at org.testng.TestNG.runSuitesLocally(TestNG.java:1134)
	at org.testng.TestNG.runSuites(TestNG.java:1063)
	at org.testng.TestNG.run(TestNG.java:1031)
	at org.apache.maven.surefire.testng.TestNGExecutor.run(TestNGExecutor.java:155)
	at org.apache.maven.surefire.testng.TestNGDirectoryTestSuite.executeMulti(TestNGDirectoryTestSuite.java:169)
	at org.apache.maven.surefire.testng.TestNGDirectoryTestSuite.execute(TestNGDirectoryTestSuite.java:88)
	at org.apache.maven.surefire.testng.TestNGProvider.invoke(TestNGProvider.java:137)
	at org.apache.maven.surefire.booter.ForkedBooter.runSuitesInProcess(ForkedBooter.java:385)
	at org.apache.maven.surefire.booter.ForkedBooter.execute(ForkedBooter.java:162)
	at org.apache.maven.surefire.booter.ForkedBooter.run(ForkedBooter.java:507)
	at org.apache.maven.surefire.booter.ForkedBooter.main(ForkedBooter.java:495)
]]></failure>
    <system-out><![CDATA[CAPTCHA active — registration blocked.
]]></system-out>
  </testcase>
  <testcase name="verifyWebtableLabelTest" classname="com.w3.qa.testcases.WebTablePageTest" time="0.07">
    <system-out><![CDATA[Trying to find element By: By.xpath: //input[@placeholder='UserName']
Trying to find element By: By.xpath: //input[@placeholder='Password']
Trying to find element By: By.xpath: //button[contains(text(),'Login')]
Trying to find element By: By.xpath: //button[contains(text(),'Login')]
Trying to find element By: By.xpath: //div[contains(text(),'Elements')]
Trying to find element By: By.xpath: //h1[contains(text(),'Web Tables')]
Web Tables
Trying to find element By: By.xpath: //h1[contains(text(),'Web Tables')]
]]></system-out>
  </testcase>
  <testcase name="verifyfillRegistrationPageTest[abhilasha,  varsheny, abhillasha.varshney@gmail.com, 50, 1200, IT](1)" classname="com.w3.qa.testcases.WebTablePageTest" time="0.671">
    <system-out><![CDATA[Trying to find element By: By.xpath: //input[@placeholder='UserName']
Trying to find element By: By.xpath: //input[@placeholder='Password']
Trying to find element By: By.xpath: //button[contains(text(),'Login')]
Trying to find element By: By.xpath: //button[contains(text(),'Login')]
Trying to find element By: By.xpath: //div[contains(text(),'Elements')]
Trying to find element By: By.id: addNewRecordButton
Trying to find element By: By.id: firstName
Trying to find element By: By.id: lastName
Trying to find element By: By.id: userEmail
Trying to find element By: By.id: age
Trying to find element By: By.id: salary
Trying to find element By: By.id: department
Trying to find element By: By.xpath: //button[@id='submit']
]]></system-out>
    <system-err><![CDATA[ERROR StatusLogger Log4j2 could not find a logging implementation. Please add log4j-core to the classpath. Using SimpleLogger to log to the console...
]]></system-err>
  </testcase>
  <testcase name="verifyfillRegistrationPageTest[Ajay, Kumar, ajay.kumar@gmail.com, 55, 1500, Electronics and Communication](2)" classname="com.w3.qa.testcases.WebTablePageTest" time="1.115">
    <system-out><![CDATA[Trying to find element By: By.xpath: //input[@placeholder='UserName']
Trying to find element By: By.xpath: //input[@placeholder='Password']
Trying to find element By: By.xpath: //button[contains(text(),'Login')]
Trying to find element By: By.xpath: //button[contains(text(),'Login')]
Trying to find element By: By.xpath: //div[contains(text(),'Elements')]
Trying to find element By: By.id: addNewRecordButton
Trying to find element By: By.id: firstName
Trying to find element By: By.id: lastName
Trying to find element By: By.id: userEmail
Trying to find element By: By.id: age
Trying to find element By: By.id: salary
Trying to find element By: By.id: department
Trying to find element By: By.xpath: //button[@id='submit']
]]></system-out>
  </testcase>
  <testcase name="verifyfillRegistrationPageTest[Elen, hank, elen.hank@gmail.com, 60, 5500, Electrical](3)" classname="com.w3.qa.testcases.WebTablePageTest" time="0.703">
    <system-out><![CDATA[Trying to find element By: By.xpath: //input[@placeholder='UserName']
Trying to find element By: By.xpath: //input[@placeholder='Password']
Trying to find element By: By.xpath: //button[contains(text(),'Login')]
Trying to find element By: By.xpath: //button[contains(text(),'Login')]
Trying to find element By: By.xpath: //div[contains(text(),'Elements')]
Trying to find element By: By.id: addNewRecordButton
Trying to find element By: By.id: firstName
Trying to find element By: By.id: lastName
Trying to find element By: By.id: userEmail
Trying to find element By: By.id: age
Trying to find element By: By.id: salary
Trying to find element By: By.id: department
Trying to find element By: By.xpath: //button[@id='submit']
]]></system-out>
  </testcase>
  <testcase name="validateRecordpresentTest" classname="com.w3.qa.testcases.WebTablePageTest" time="1.241">
    <system-out><![CDATA[Trying to find element By: By.xpath: //input[@placeholder='UserName']
Trying to find element By: By.xpath: //input[@placeholder='Password']
Trying to find element By: By.xpath: //button[contains(text(),'Login')]
Trying to find element By: By.xpath: //button[contains(text(),'Login')]
Trying to find element By: By.xpath: //div[contains(text(),'Elements')]
Trying to find element By: By.id: addNewRecordButton
Trying to find element By: By.id: firstName
Trying to find element By: By.id: lastName
Trying to find element By: By.id: userEmail
Trying to find element By: By.id: age
Trying to find element By: By.id: salary
Trying to find element By: By.id: department
Trying to find element By: By.xpath: //button[@id='submit']
]]></system-out>
  </testcase>
</testsuite>