<?xml version="1.0" encoding="UTF-8"?>
<!-- Generated by org.testng.reporters.JUnitReportReporter -->
<testsuite hostname="AbhilashaPC" failures="0" tests="5" name="com.w3.qa.testcases.WebTablePageTest" time="73.999" errors="0" timestamp="2025-11-23T17:52:13 IST" skipped="0">
  <testcase classname="com.w3.qa.testcases.WebTablePageTest" name="verifyWebtableLabelTest" time="8.388"/>
  <system-out/>
  <testcase classname="com.w3.qa.testcases.WebTablePageTest" name="verifyfillRegistrationPageTest" time="18.124"/>
  <system-out/>
  <testcase classname="com.w3.qa.testcases.WebTablePageTest" name="verifyfillRegistrationPageTest" time="22.643"/>
  <system-out/>
  <testcase classname="com.w3.qa.testcases.WebTablePageTest" name="verifyfillRegistrationPageTest" time="9.852"/>
  <system-out/>
  <testcase classname="com.w3.qa.testcases.WebTablePageTest" name="validateRecordpresentTest" time="14.992"/>
  <system-out/>
</testsuite> <!-- com.w3.qa.testcases.WebTablePageTest -->
