<?xml version="1.0" encoding="UTF-8"?>
<!-- Generated by org.testng.reporters.JUnitReportReporter -->
<testsuite hostname="AbhilashaPC" failures="0" tests="5" name="com.w3.qa.testcases.WebTablePageTest" time="60.206" errors="0" timestamp="2025-11-25T17:16:23 IST" skipped="0">
  <testcase classname="com.w3.qa.testcases.WebTablePageTest" name="verifyWebtableLabelTest" time="15.683"/>
  <system-out/>
  <testcase classname="com.w3.qa.testcases.WebTablePageTest" name="verifyfillRegistrationPageTest" time="16.018"/>
  <system-out/>
  <testcase classname="com.w3.qa.testcases.WebTablePageTest" name="verifyfillRegistrationPageTest" time="6.808"/>
  <system-out/>
  <testcase classname="com.w3.qa.testcases.WebTablePageTest" name="verifyfillRegistrationPageTest" time="6.968"/>
  <system-out/>
  <testcase classname="com.w3.qa.testcases.WebTablePageTest" name="validateRecordpresentTest" time="14.729"/>
  <system-out/>
</testsuite> <!-- com.w3.qa.testcases.WebTablePageTest -->
