<?xml version="1.0" encoding="UTF-8"?>
<!-- Generated by org.testng.reporters.JUnitReportReporter -->
<testsuite hostname="AbhilashaPC" failures="0" tests="5" name="com.w3.qa.testcases.WebTablePageTest" time="52.583" errors="0" timestamp="2025-11-23T19:29:45 IST" skipped="0">
  <testcase classname="com.w3.qa.testcases.WebTablePageTest" name="verifyWebtableLabelTest" time="7.811"/>
  <system-out/>
  <testcase classname="com.w3.qa.testcases.WebTablePageTest" name="verifyfillRegistrationPageTest" time="7.503"/>
  <system-out/>
  <testcase classname="com.w3.qa.testcases.WebTablePageTest" name="verifyfillRegistrationPageTest" time="6.701"/>
  <system-out/>
  <testcase classname="com.w3.qa.testcases.WebTablePageTest" name="verifyfillRegistrationPageTest" time="12.379"/>
  <system-out/>
  <testcase classname="com.w3.qa.testcases.WebTablePageTest" name="validateRecordpresentTest" time="18.189"/>
  <system-out/>
</testsuite> <!-- com.w3.qa.testcases.WebTablePageTest -->
